[2023-07-04 18:04:28,236] multiqc                                            [DEBUG  ]  No MultiQC config found: /mnt/nfs/software/share/MultiQC/lib/python3.5/site-packages/multiqc_config.yaml
[2023-07-04 18:04:28,237] multiqc                                            [DEBUG  ]  No MultiQC config found: /home/chenzecheng/.multiqc_config.yaml
[2023-07-04 18:04:28,237] multiqc                                            [DEBUG  ]  No MultiQC config found: multiqc_config.yaml
[2023-07-04 18:04:28,238] multiqc                                            [DEBUG  ]  Command used: /mnt/nfs/software/share/MultiQC/bin/multiqc .
[2023-07-04 18:04:40,148] multiqc                                            [WARNING]  MultiQC Version v1.14 now available!
[2023-07-04 18:04:40,149] multiqc                                            [INFO   ]  This is MultiQC v1.8.dev0
[2023-07-04 18:04:40,149] multiqc                                            [DEBUG  ]  Command     : /mnt/nfs/software/share/MultiQC/bin/multiqc .
[2023-07-04 18:04:40,149] multiqc                                            [DEBUG  ]  Working dir : /mnt/afs/prj21c/yukang/CD14000/chenzecheng/FASTQC_RESULT
[2023-07-04 18:04:40,149] multiqc                                            [INFO   ]  Template    : default
[2023-07-04 18:04:40,149] multiqc                                            [INFO   ]  Searching '.'
[2023-07-04 18:04:40,149] multiqc                                            [DEBUG  ]  Analysing modules: custom_content, conpair, peddy, methylQA, phantompeakqualtools, qualimap, preseq, quast, qorts, rna_seqc, rsem, rseqc, busco, goleft_indexcov, disambiguate, supernova, deeptools, sargasso, verifybamid, mirtrace, happy, homer, macs2, theta2, snpeff, gatk, htseq, bcftools, featureCounts, dedup, damageprofiler, biobambam2, picard, prokka, samblaster, samtools, bamtools, jellyfish, vcftools, longranger, stacks, bbmap, bismark, biscuit, hicexplorer, hicup, hicpro, salmon, kallisto, slamdunk, star, hisat2, tophat, bowtie2, bowtie1, kat, leehom, adapterRemoval, clipandmerge, cutadapt, flexbar, trimmomatic, skewer, sortmerna, biobloomtools, fastq_screen, afterqc, fastp, fastqc, minionqc, clusterflow, bcl2fastq, interop, flash
[2023-07-04 18:04:40,150] multiqc                                            [DEBUG  ]  Using temporary directory for creating report: /tmp/tmpqp3lf5fs
[2023-07-04 18:04:40,402] multiqc                                            [DEBUG  ]  Ignoring file as matched an ignore pattern: SRR13822274_1_fastqc.html
[2023-07-04 18:04:40,416] multiqc                                            [DEBUG  ]  Ignoring file as matched an ignore pattern: SRR13822274_2_fastqc.html
[2023-07-04 18:04:40,417] multiqc                                            [DEBUG  ]  Ignoring file as matched an ignore pattern: SRR13822275_1_fastqc.html
[2023-07-04 18:04:40,418] multiqc                                            [DEBUG  ]  Ignoring file as matched an ignore pattern: SRR13822275_2_fastqc.html
[2023-07-04 18:04:40,419] multiqc                                            [DEBUG  ]  Ignoring file as matched an ignore pattern: SRR13822276_1_fastqc.html
[2023-07-04 18:04:40,420] multiqc                                            [DEBUG  ]  Ignoring file as matched an ignore pattern: SRR13822276_2_fastqc.html
[2023-07-04 18:04:40,421] multiqc                                            [DEBUG  ]  Ignoring file as matched an ignore pattern: SRR13822277_1_fastqc.html
[2023-07-04 18:04:40,421] multiqc                                            [DEBUG  ]  Ignoring file as matched an ignore pattern: SRR13822277_2_fastqc.html
[2023-07-04 18:04:40,422] multiqc                                            [DEBUG  ]  Ignoring file as matched an ignore pattern: SRR13822278_1_fastqc.html
[2023-07-04 18:04:40,423] multiqc                                            [DEBUG  ]  Ignoring file as matched an ignore pattern: SRR13822278_2_fastqc.html
[2023-07-04 18:04:40,424] multiqc                                            [DEBUG  ]  Ignoring file as matched an ignore pattern: SRR13822279_1_fastqc.html
[2023-07-04 18:04:40,425] multiqc                                            [DEBUG  ]  Ignoring file as matched an ignore pattern: SRR13822279_2_fastqc.html
[2023-07-04 18:04:40,426] multiqc                                            [DEBUG  ]  Ignoring file as matched an ignore pattern: SRR13822280_1_fastqc.html
[2023-07-04 18:04:40,427] multiqc                                            [DEBUG  ]  Ignoring file as matched an ignore pattern: SRR13822280_2_fastqc.html
[2023-07-04 18:04:40,428] multiqc                                            [DEBUG  ]  Ignoring file as matched an ignore pattern: SRR13822281_1_fastqc.html
[2023-07-04 18:04:40,428] multiqc                                            [DEBUG  ]  Ignoring file as matched an ignore pattern: SRR13822281_2_fastqc.html
[2023-07-04 18:04:40,429] multiqc                                            [DEBUG  ]  Ignoring file as matched an ignore pattern: SRR13822282_1_fastqc.html
[2023-07-04 18:04:40,430] multiqc                                            [DEBUG  ]  Ignoring file as matched an ignore pattern: SRR13822282_2_fastqc.html
[2023-07-04 18:04:41,128] multiqc                                            [DEBUG  ]  No samples found: custom_content
[2023-07-04 18:04:41,136] multiqc                                            [DEBUG  ]  No samples found: conpair
[2023-07-04 18:04:41,149] multiqc                                            [DEBUG  ]  No samples found: peddy
[2023-07-04 18:04:41,157] multiqc                                            [DEBUG  ]  No samples found: methylQA
[2023-07-04 18:04:41,163] multiqc                                            [DEBUG  ]  No samples found: phantompeakqualtools
[2023-07-04 18:04:41,170] multiqc                                            [DEBUG  ]  No samples found: qualimap
[2023-07-04 18:04:41,175] multiqc                                            [DEBUG  ]  No samples found: preseq
[2023-07-04 18:04:41,180] multiqc                                            [DEBUG  ]  No samples found: quast
[2023-07-04 18:04:41,187] multiqc                                            [DEBUG  ]  No samples found: qorts
[2023-07-04 18:04:41,191] multiqc                                            [DEBUG  ]  No samples found: rna_seqc
[2023-07-04 18:04:41,197] multiqc                                            [DEBUG  ]  No samples found: rsem
[2023-07-04 18:04:41,205] multiqc                                            [DEBUG  ]  No samples found: rseqc
[2023-07-04 18:04:41,211] multiqc                                            [DEBUG  ]  No samples found: busco
[2023-07-04 18:04:41,231] multiqc                                            [DEBUG  ]  No samples found: goleft_indexcov
[2023-07-04 18:04:41,239] multiqc                                            [DEBUG  ]  No samples found: disambiguate
[2023-07-04 18:04:41,251] multiqc                                            [DEBUG  ]  No samples found: supernova
[2023-07-04 18:04:41,258] multiqc                                            [DEBUG  ]  No samples found: deeptools
[2023-07-04 18:04:41,263] multiqc                                            [DEBUG  ]  No samples found: sargasso
[2023-07-04 18:04:41,266] multiqc                                            [DEBUG  ]  No samples found: verifybamid
[2023-07-04 18:04:41,272] multiqc                                            [DEBUG  ]  No samples found: mirtrace
[2023-07-04 18:04:41,277] multiqc                                            [DEBUG  ]  No samples found: happy
[2023-07-04 18:04:41,280] multiqc                                            [DEBUG  ]  No samples found: homer
[2023-07-04 18:04:41,289] multiqc                                            [DEBUG  ]  No samples found: macs2
[2023-07-04 18:04:41,294] multiqc                                            [DEBUG  ]  No samples found: theta2
[2023-07-04 18:04:41,310] multiqc                                            [DEBUG  ]  No samples found: snpeff
[2023-07-04 18:04:41,316] multiqc                                            [DEBUG  ]  No samples found: gatk
[2023-07-04 18:04:41,319] multiqc                                            [DEBUG  ]  No samples found: htseq
[2023-07-04 18:04:41,325] multiqc                                            [DEBUG  ]  No samples found: bcftools
[2023-07-04 18:04:41,329] multiqc                                            [DEBUG  ]  No samples found: featureCounts
[2023-07-04 18:04:41,332] multiqc                                            [DEBUG  ]  No samples found: dedup
[2023-07-04 18:04:41,337] multiqc                                            [DEBUG  ]  No samples found: damageprofiler
[2023-07-04 18:04:41,367] multiqc                                            [DEBUG  ]  No samples found: biobambam2
[2023-07-04 18:04:41,370] multiqc                                            [DEBUG  ]  No samples found: picard
[2023-07-04 18:04:41,374] multiqc                                            [DEBUG  ]  No samples found: prokka
[2023-07-04 18:04:41,378] multiqc                                            [DEBUG  ]  No samples found: samblaster
[2023-07-04 18:04:41,385] multiqc                                            [DEBUG  ]  No samples found: samtools
[2023-07-04 18:04:41,389] multiqc                                            [DEBUG  ]  No samples found: bamtools
[2023-07-04 18:04:41,392] multiqc                                            [DEBUG  ]  No samples found: jellyfish
[2023-07-04 18:04:41,401] multiqc                                            [DEBUG  ]  No samples found: vcftools
[2023-07-04 18:04:41,405] multiqc                                            [DEBUG  ]  No samples found: longranger
[2023-07-04 18:04:41,409] multiqc                                            [DEBUG  ]  No samples found: stacks
[2023-07-04 18:04:41,417] multiqc                                            [DEBUG  ]  No samples found: bbmap
[2023-07-04 18:04:41,421] multiqc                                            [DEBUG  ]  No samples found: bismark
[2023-07-04 18:04:41,425] multiqc                                            [DEBUG  ]  No samples found: biscuit
[2023-07-04 18:04:41,428] multiqc                                            [DEBUG  ]  No samples found: hicexplorer
[2023-07-04 18:04:41,434] multiqc                                            [DEBUG  ]  No samples found: hicup
[2023-07-04 18:04:41,441] multiqc                                            [DEBUG  ]  No samples found: hicpro
[2023-07-04 18:04:41,446] multiqc                                            [DEBUG  ]  No samples found: salmon
[2023-07-04 18:04:41,450] multiqc                                            [DEBUG  ]  No samples found: kallisto
[2023-07-04 18:04:41,463] multiqc                                            [DEBUG  ]  No samples found: slamdunk
[2023-07-04 18:04:41,467] multiqc                                            [DEBUG  ]  No samples found: star
[2023-07-04 18:04:41,472] multiqc                                            [DEBUG  ]  No samples found: hisat2
[2023-07-04 18:04:41,475] multiqc                                            [DEBUG  ]  No samples found: tophat
[2023-07-04 18:04:41,479] multiqc                                            [DEBUG  ]  No samples found: bowtie2
[2023-07-04 18:04:41,483] multiqc                                            [DEBUG  ]  No samples found: bowtie1
[2023-07-04 18:04:41,486] multiqc                                            [DEBUG  ]  No samples found: kat
[2023-07-04 18:04:41,489] multiqc                                            [DEBUG  ]  No samples found: leehom
[2023-07-04 18:04:41,493] multiqc                                            [DEBUG  ]  No samples found: adapterRemoval
[2023-07-04 18:04:41,497] multiqc                                            [DEBUG  ]  No samples found: clipandmerge
[2023-07-04 18:04:41,500] multiqc                                            [DEBUG  ]  No samples found: cutadapt
[2023-07-04 18:04:41,503] multiqc                                            [DEBUG  ]  No samples found: flexbar
[2023-07-04 18:04:41,506] multiqc                                            [DEBUG  ]  No samples found: trimmomatic
[2023-07-04 18:04:41,509] multiqc                                            [DEBUG  ]  No samples found: skewer
[2023-07-04 18:04:41,511] multiqc                                            [DEBUG  ]  No samples found: sortmerna
[2023-07-04 18:04:41,514] multiqc                                            [DEBUG  ]  No samples found: biobloomtools
[2023-07-04 18:04:41,517] multiqc                                            [DEBUG  ]  No samples found: fastq_screen
[2023-07-04 18:04:41,520] multiqc                                            [DEBUG  ]  No samples found: afterqc
[2023-07-04 18:04:41,524] multiqc                                            [DEBUG  ]  No samples found: fastp
[2023-07-04 18:04:41,618] multiqc.modules.fastqc.fastqc                      [INFO   ]  Found 18 reports
[2023-07-04 18:04:41,856] multiqc                                            [DEBUG  ]  No samples found: minionqc
[2023-07-04 18:04:41,859] multiqc                                            [DEBUG  ]  No samples found: clusterflow
[2023-07-04 18:04:41,863] multiqc                                            [DEBUG  ]  No samples found: bcl2fastq
[2023-07-04 18:04:41,870] multiqc                                            [DEBUG  ]  No samples found: interop
[2023-07-04 18:04:41,874] multiqc                                            [DEBUG  ]  No samples found: flash
[2023-07-04 18:04:41,904] multiqc                                            [INFO   ]  Compressing plot data
[2023-07-04 18:04:42,250] multiqc                                            [INFO   ]  Report      : multiqc_report.html
[2023-07-04 18:04:42,251] multiqc                                            [INFO   ]  Data        : multiqc_data
[2023-07-04 18:04:42,270] multiqc                                            [DEBUG  ]  Moving data file from '/tmp/tmpqp3lf5fs/multiqc_data/multiqc_sources.txt' to '/mnt/afs/prj21c/yukang/CD14000/chenzecheng/FASTQC_RESULT/multiqc_data'
[2023-07-04 18:04:42,331] multiqc                                            [DEBUG  ]  Moving data file from '/tmp/tmpqp3lf5fs/multiqc_data/multiqc_general_stats.txt' to '/mnt/afs/prj21c/yukang/CD14000/chenzecheng/FASTQC_RESULT/multiqc_data'
[2023-07-04 18:04:42,364] multiqc                                            [DEBUG  ]  Moving data file from '/tmp/tmpqp3lf5fs/multiqc_data/multiqc_fastqc.txt' to '/mnt/afs/prj21c/yukang/CD14000/chenzecheng/FASTQC_RESULT/multiqc_data'
[2023-07-04 18:04:42,396] multiqc                                            [DEBUG  ]  Moving data file from '/tmp/tmpqp3lf5fs/multiqc_data/multiqc_data.json' to '/mnt/afs/prj21c/yukang/CD14000/chenzecheng/FASTQC_RESULT/multiqc_data'
[2023-07-04 18:04:42,722] multiqc                                            [INFO   ]  MultiQC complete
