[2023-07-05 13:38:48,788] multiqc                                            [DEBUG  ]  No MultiQC config found: /mnt/nfs/software/share/MultiQC/lib/python3.5/site-packages/multiqc_config.yaml
[2023-07-05 13:38:48,788] multiqc                                            [DEBUG  ]  No MultiQC config found: /home/chenzecheng/.multiqc_config.yaml
[2023-07-05 13:38:48,789] multiqc                                            [DEBUG  ]  No MultiQC config found: multiqc_config.yaml
[2023-07-05 13:38:48,789] multiqc                                            [DEBUG  ]  Command used: /mnt/nfs/software/share/MultiQC/bin/multiqc . -o MULTIQC/
[2023-07-05 13:39:00,920] multiqc                                            [WARNING]  MultiQC Version v1.14 now available!
[2023-07-05 13:39:00,920] multiqc                                            [INFO   ]  This is MultiQC v1.8.dev0
[2023-07-05 13:39:00,920] multiqc                                            [DEBUG  ]  Command     : /mnt/nfs/software/share/MultiQC/bin/multiqc . -o MULTIQC/
[2023-07-05 13:39:00,920] multiqc                                            [DEBUG  ]  Working dir : /mnt/afs/prj21c/yukang/CD14000/chenzecheng/TRIMMED_FASTQC
[2023-07-05 13:39:00,920] multiqc                                            [INFO   ]  Template    : default
[2023-07-05 13:39:00,920] multiqc                                            [INFO   ]  Searching '.'
[2023-07-05 13:39:00,920] multiqc                                            [DEBUG  ]  Analysing modules: custom_content, conpair, peddy, methylQA, phantompeakqualtools, qualimap, preseq, quast, qorts, rna_seqc, rsem, rseqc, busco, goleft_indexcov, disambiguate, supernova, deeptools, sargasso, verifybamid, mirtrace, happy, homer, macs2, theta2, snpeff, gatk, htseq, bcftools, featureCounts, dedup, damageprofiler, biobambam2, picard, prokka, samblaster, samtools, bamtools, jellyfish, vcftools, longranger, stacks, bbmap, bismark, biscuit, hicexplorer, hicup, hicpro, salmon, kallisto, slamdunk, star, hisat2, tophat, bowtie2, bowtie1, kat, leehom, adapterRemoval, clipandmerge, cutadapt, flexbar, trimmomatic, skewer, sortmerna, biobloomtools, fastq_screen, afterqc, fastp, fastqc, minionqc, clusterflow, bcl2fastq, interop, flash
[2023-07-05 13:39:00,921] multiqc                                            [DEBUG  ]  Using temporary directory for creating report: /tmp/tmppm82qo4d
[2023-07-05 13:39:01,403] multiqc                                            [DEBUG  ]  Ignoring because exceeded search pattern filesize limit: SRR13822274_1.fastq_trimming_report.txt
[2023-07-05 13:39:01,508] multiqc                                            [DEBUG  ]  Ignoring file as matched an ignore pattern: SRR13822274_1_fastqc.zip_trimmed.fq
[2023-07-05 13:39:01,726] multiqc                                            [DEBUG  ]  Ignoring file as matched an ignore pattern: SRR13822274_1_trimmed.fq
[2023-07-05 13:39:01,726] multiqc                                            [DEBUG  ]  Ignoring file as matched an ignore pattern: SRR13822274_1_trimmed_fastqc.html
[2023-07-05 13:39:01,824] multiqc                                            [DEBUG  ]  Ignoring because exceeded search pattern filesize limit: SRR13822274_2.fastq_trimming_report.txt
[2023-07-05 13:39:01,920] multiqc                                            [DEBUG  ]  Ignoring file as matched an ignore pattern: SRR13822274_2_trimmed.fq
[2023-07-05 13:39:01,920] multiqc                                            [DEBUG  ]  Ignoring file as matched an ignore pattern: SRR13822274_2_trimmed_fastqc.html
[2023-07-05 13:39:02,013] multiqc                                            [DEBUG  ]  Ignoring because exceeded search pattern filesize limit: SRR13822275_1.fastq_trimming_report.txt
[2023-07-05 13:39:02,138] multiqc                                            [DEBUG  ]  Ignoring file as matched an ignore pattern: SRR13822275_1_trimmed.fq
[2023-07-05 13:39:02,138] multiqc                                            [DEBUG  ]  Ignoring file as matched an ignore pattern: SRR13822275_1_trimmed_fastqc.html
[2023-07-05 13:39:02,175] multiqc                                            [DEBUG  ]  Ignoring because exceeded search pattern filesize limit: SRR13822275_2.fastq_trimming_report.txt
[2023-07-05 13:39:02,248] multiqc                                            [DEBUG  ]  Ignoring because exceeded search pattern filesize limit: SRR13822275_2.fastq_trimming_report.txt
[2023-07-05 13:39:02,369] multiqc                                            [DEBUG  ]  Ignoring file as matched an ignore pattern: SRR13822275_2_trimmed.fq
[2023-07-05 13:39:02,370] multiqc                                            [DEBUG  ]  Ignoring file as matched an ignore pattern: SRR13822275_2_trimmed_fastqc.html
[2023-07-05 13:39:02,474] multiqc                                            [DEBUG  ]  Ignoring because exceeded search pattern filesize limit: SRR13822276_1.fastq_trimming_report.txt
[2023-07-05 13:39:02,570] multiqc                                            [DEBUG  ]  Ignoring file as matched an ignore pattern: SRR13822276_1_trimmed.fq
[2023-07-05 13:39:02,570] multiqc                                            [DEBUG  ]  Ignoring file as matched an ignore pattern: SRR13822276_1_trimmed_fastqc.html
[2023-07-05 13:39:02,610] multiqc                                            [DEBUG  ]  Ignoring because exceeded search pattern filesize limit: SRR13822276_2.fastq_trimming_report.txt
[2023-07-05 13:39:02,675] multiqc                                            [DEBUG  ]  Ignoring because exceeded search pattern filesize limit: SRR13822276_2.fastq_trimming_report.txt
[2023-07-05 13:39:02,774] multiqc                                            [DEBUG  ]  Ignoring file as matched an ignore pattern: SRR13822276_2_trimmed.fq
[2023-07-05 13:39:02,774] multiqc                                            [DEBUG  ]  Ignoring file as matched an ignore pattern: SRR13822276_2_trimmed_fastqc.html
[2023-07-05 13:39:02,873] multiqc                                            [DEBUG  ]  Ignoring because exceeded search pattern filesize limit: SRR13822277_1.fastq_trimming_report.txt
[2023-07-05 13:39:02,969] multiqc                                            [DEBUG  ]  Ignoring file as matched an ignore pattern: SRR13822277_1_trimmed.fq
[2023-07-05 13:39:02,969] multiqc                                            [DEBUG  ]  Ignoring file as matched an ignore pattern: SRR13822277_1_trimmed_fastqc.html
[2023-07-05 13:39:03,073] multiqc                                            [DEBUG  ]  Ignoring because exceeded search pattern filesize limit: SRR13822277_2.fastq_trimming_report.txt
[2023-07-05 13:39:03,167] multiqc                                            [DEBUG  ]  Ignoring file as matched an ignore pattern: SRR13822277_2_trimmed.fq
[2023-07-05 13:39:03,168] multiqc                                            [DEBUG  ]  Ignoring file as matched an ignore pattern: SRR13822277_2_trimmed_fastqc.html
[2023-07-05 13:39:03,200] multiqc                                            [DEBUG  ]  Ignoring because exceeded search pattern filesize limit: SRR13822278_1.fastq_trimming_report.txt
[2023-07-05 13:39:03,292] multiqc                                            [DEBUG  ]  Ignoring because exceeded search pattern filesize limit: SRR13822278_1.fastq_trimming_report.txt
[2023-07-05 13:39:03,405] multiqc                                            [DEBUG  ]  Ignoring file as matched an ignore pattern: SRR13822278_1_trimmed.fq
[2023-07-05 13:39:03,406] multiqc                                            [DEBUG  ]  Ignoring file as matched an ignore pattern: SRR13822278_1_trimmed_fastqc.html
[2023-07-05 13:39:03,440] multiqc                                            [DEBUG  ]  Ignoring because exceeded search pattern filesize limit: SRR13822278_2.fastq_trimming_report.txt
[2023-07-05 13:39:03,519] multiqc                                            [DEBUG  ]  Ignoring because exceeded search pattern filesize limit: SRR13822278_2.fastq_trimming_report.txt
[2023-07-05 13:39:03,623] multiqc                                            [DEBUG  ]  Ignoring file as matched an ignore pattern: SRR13822278_2_trimmed.fq
[2023-07-05 13:39:03,623] multiqc                                            [DEBUG  ]  Ignoring file as matched an ignore pattern: SRR13822278_2_trimmed_fastqc.html
[2023-07-05 13:39:03,732] multiqc                                            [DEBUG  ]  Ignoring because exceeded search pattern filesize limit: SRR13822279_1.fastq_trimming_report.txt
[2023-07-05 13:39:03,821] multiqc                                            [DEBUG  ]  Ignoring file as matched an ignore pattern: SRR13822279_1_trimmed.fq
[2023-07-05 13:39:03,821] multiqc                                            [DEBUG  ]  Ignoring file as matched an ignore pattern: SRR13822279_1_trimmed_fastqc.html
[2023-07-05 13:39:03,921] multiqc                                            [DEBUG  ]  Ignoring because exceeded search pattern filesize limit: SRR13822279_2.fastq_trimming_report.txt
[2023-07-05 13:39:04,039] multiqc                                            [DEBUG  ]  Ignoring file as matched an ignore pattern: SRR13822279_2_trimmed.fq
[2023-07-05 13:39:04,040] multiqc                                            [DEBUG  ]  Ignoring file as matched an ignore pattern: SRR13822279_2_trimmed_fastqc.html
[2023-07-05 13:39:04,140] multiqc                                            [DEBUG  ]  Ignoring because exceeded search pattern filesize limit: SRR13822280_1.fastq_trimming_report.txt
[2023-07-05 13:39:04,237] multiqc                                            [DEBUG  ]  Ignoring file as matched an ignore pattern: SRR13822280_1_trimmed.fq
[2023-07-05 13:39:04,237] multiqc                                            [DEBUG  ]  Ignoring file as matched an ignore pattern: SRR13822280_1_trimmed_fastqc.html
[2023-07-05 13:39:04,328] multiqc                                            [DEBUG  ]  Ignoring because exceeded search pattern filesize limit: SRR13822280_2.fastq_trimming_report.txt
[2023-07-05 13:39:04,417] multiqc                                            [DEBUG  ]  Ignoring file as matched an ignore pattern: SRR13822280_2_trimmed.fq
[2023-07-05 13:39:04,417] multiqc                                            [DEBUG  ]  Ignoring file as matched an ignore pattern: SRR13822280_2_trimmed_fastqc.html
[2023-07-05 13:39:04,469] multiqc                                            [DEBUG  ]  Ignoring because exceeded search pattern filesize limit: SRR13822281_1.fastq_trimming_report.txt
[2023-07-05 13:39:04,535] multiqc                                            [DEBUG  ]  Ignoring because exceeded search pattern filesize limit: SRR13822281_1.fastq_trimming_report.txt
[2023-07-05 13:39:04,631] multiqc                                            [DEBUG  ]  Ignoring file as matched an ignore pattern: SRR13822281_1_trimmed.fq
[2023-07-05 13:39:04,631] multiqc                                            [DEBUG  ]  Ignoring file as matched an ignore pattern: SRR13822281_1_trimmed_fastqc.html
[2023-07-05 13:39:04,663] multiqc                                            [DEBUG  ]  Ignoring because exceeded search pattern filesize limit: SRR13822281_2.fastq_trimming_report.txt
[2023-07-05 13:39:04,748] multiqc                                            [DEBUG  ]  Ignoring because exceeded search pattern filesize limit: SRR13822281_2.fastq_trimming_report.txt
[2023-07-05 13:39:04,834] multiqc                                            [DEBUG  ]  Ignoring file as matched an ignore pattern: SRR13822281_2_trimmed.fq
[2023-07-05 13:39:04,835] multiqc                                            [DEBUG  ]  Ignoring file as matched an ignore pattern: SRR13822281_2_trimmed_fastqc.html
[2023-07-05 13:39:04,930] multiqc                                            [DEBUG  ]  Ignoring because exceeded search pattern filesize limit: SRR13822282_1.fastq_trimming_report.txt
[2023-07-05 13:39:05,039] multiqc                                            [DEBUG  ]  Ignoring file as matched an ignore pattern: SRR13822282_1_trimmed.fq
[2023-07-05 13:39:05,039] multiqc                                            [DEBUG  ]  Ignoring file as matched an ignore pattern: SRR13822282_1_trimmed_fastqc.html
[2023-07-05 13:39:05,129] multiqc                                            [DEBUG  ]  Ignoring because exceeded search pattern filesize limit: SRR13822282_2.fastq_trimming_report.txt
[2023-07-05 13:39:05,228] multiqc                                            [DEBUG  ]  Ignoring file as matched an ignore pattern: SRR13822282_2_trimmed.fq
[2023-07-05 13:39:05,229] multiqc                                            [DEBUG  ]  Ignoring file as matched an ignore pattern: SRR13822282_2_trimmed_fastqc.html
[2023-07-05 13:39:05,973] multiqc                                            [DEBUG  ]  No samples found: custom_content
[2023-07-05 13:39:05,983] multiqc                                            [DEBUG  ]  No samples found: conpair
[2023-07-05 13:39:05,997] multiqc                                            [DEBUG  ]  No samples found: peddy
[2023-07-05 13:39:06,000] multiqc                                            [DEBUG  ]  No samples found: methylQA
[2023-07-05 13:39:06,005] multiqc                                            [DEBUG  ]  No samples found: phantompeakqualtools
[2023-07-05 13:39:06,017] multiqc                                            [DEBUG  ]  No samples found: qualimap
[2023-07-05 13:39:06,020] multiqc                                            [DEBUG  ]  No samples found: preseq
[2023-07-05 13:39:06,023] multiqc                                            [DEBUG  ]  No samples found: quast
[2023-07-05 13:39:06,036] multiqc                                            [DEBUG  ]  No samples found: qorts
[2023-07-05 13:39:06,038] multiqc                                            [DEBUG  ]  No samples found: rna_seqc
[2023-07-05 13:39:06,042] multiqc                                            [DEBUG  ]  No samples found: rsem
[2023-07-05 13:39:06,048] multiqc                                            [DEBUG  ]  No samples found: rseqc
[2023-07-05 13:39:06,050] multiqc                                            [DEBUG  ]  No samples found: busco
[2023-07-05 13:39:06,053] multiqc                                            [DEBUG  ]  No samples found: goleft_indexcov
[2023-07-05 13:39:06,056] multiqc                                            [DEBUG  ]  No samples found: disambiguate
[2023-07-05 13:39:06,066] multiqc                                            [DEBUG  ]  No samples found: supernova
[2023-07-05 13:39:06,071] multiqc                                            [DEBUG  ]  No samples found: deeptools
[2023-07-05 13:39:06,074] multiqc                                            [DEBUG  ]  No samples found: sargasso
[2023-07-05 13:39:06,077] multiqc                                            [DEBUG  ]  No samples found: verifybamid
[2023-07-05 13:39:06,080] multiqc                                            [DEBUG  ]  No samples found: mirtrace
[2023-07-05 13:39:06,083] multiqc                                            [DEBUG  ]  No samples found: happy
[2023-07-05 13:39:06,086] multiqc                                            [DEBUG  ]  No samples found: homer
[2023-07-05 13:39:06,091] multiqc                                            [DEBUG  ]  No samples found: macs2
[2023-07-05 13:39:06,094] multiqc                                            [DEBUG  ]  No samples found: theta2
[2023-07-05 13:39:06,097] multiqc                                            [DEBUG  ]  No samples found: snpeff
[2023-07-05 13:39:06,101] multiqc                                            [DEBUG  ]  No samples found: gatk
[2023-07-05 13:39:06,103] multiqc                                            [DEBUG  ]  No samples found: htseq
[2023-07-05 13:39:06,106] multiqc                                            [DEBUG  ]  No samples found: bcftools
[2023-07-05 13:39:06,109] multiqc                                            [DEBUG  ]  No samples found: featureCounts
[2023-07-05 13:39:06,112] multiqc                                            [DEBUG  ]  No samples found: dedup
[2023-07-05 13:39:06,115] multiqc                                            [DEBUG  ]  No samples found: damageprofiler
[2023-07-05 13:39:06,123] multiqc                                            [DEBUG  ]  No samples found: biobambam2
[2023-07-05 13:39:06,125] multiqc                                            [DEBUG  ]  No samples found: picard
[2023-07-05 13:39:06,128] multiqc                                            [DEBUG  ]  No samples found: prokka
[2023-07-05 13:39:06,131] multiqc                                            [DEBUG  ]  No samples found: samblaster
[2023-07-05 13:39:06,134] multiqc                                            [DEBUG  ]  No samples found: samtools
[2023-07-05 13:39:06,138] multiqc                                            [DEBUG  ]  No samples found: bamtools
[2023-07-05 13:39:06,141] multiqc                                            [DEBUG  ]  No samples found: jellyfish
[2023-07-05 13:39:06,145] multiqc                                            [DEBUG  ]  No samples found: vcftools
[2023-07-05 13:39:06,148] multiqc                                            [DEBUG  ]  No samples found: longranger
[2023-07-05 13:39:06,151] multiqc                                            [DEBUG  ]  No samples found: stacks
[2023-07-05 13:39:06,156] multiqc                                            [DEBUG  ]  No samples found: bbmap
[2023-07-05 13:39:06,159] multiqc                                            [DEBUG  ]  No samples found: bismark
[2023-07-05 13:39:06,162] multiqc                                            [DEBUG  ]  No samples found: biscuit
[2023-07-05 13:39:06,165] multiqc                                            [DEBUG  ]  No samples found: hicexplorer
[2023-07-05 13:39:06,168] multiqc                                            [DEBUG  ]  No samples found: hicup
[2023-07-05 13:39:06,170] multiqc                                            [DEBUG  ]  No samples found: hicpro
[2023-07-05 13:39:06,173] multiqc                                            [DEBUG  ]  No samples found: salmon
[2023-07-05 13:39:06,176] multiqc                                            [DEBUG  ]  No samples found: kallisto
[2023-07-05 13:39:06,189] multiqc                                            [DEBUG  ]  No samples found: slamdunk
[2023-07-05 13:39:06,192] multiqc                                            [DEBUG  ]  No samples found: star
[2023-07-05 13:39:06,195] multiqc                                            [DEBUG  ]  No samples found: hisat2
[2023-07-05 13:39:06,197] multiqc                                            [DEBUG  ]  No samples found: tophat
[2023-07-05 13:39:06,200] multiqc                                            [DEBUG  ]  No samples found: bowtie2
[2023-07-05 13:39:06,203] multiqc                                            [DEBUG  ]  No samples found: bowtie1
[2023-07-05 13:39:06,206] multiqc                                            [DEBUG  ]  No samples found: kat
[2023-07-05 13:39:06,209] multiqc                                            [DEBUG  ]  No samples found: leehom
[2023-07-05 13:39:06,211] multiqc                                            [DEBUG  ]  No samples found: adapterRemoval
[2023-07-05 13:39:06,214] multiqc                                            [DEBUG  ]  No samples found: clipandmerge
[2023-07-05 13:39:06,222] multiqc.modules.cutadapt.cutadapt                  [DEBUG  ]  Duplicate sample name found! Overwriting: SRR13822274_1
[2023-07-05 13:39:06,271] multiqc.modules.cutadapt.cutadapt                  [INFO   ]  Found 18 reports
[2023-07-05 13:39:06,319] multiqc                                            [DEBUG  ]  No samples found: flexbar
[2023-07-05 13:39:06,322] multiqc                                            [DEBUG  ]  No samples found: trimmomatic
[2023-07-05 13:39:06,326] multiqc                                            [DEBUG  ]  No samples found: skewer
[2023-07-05 13:39:06,329] multiqc                                            [DEBUG  ]  No samples found: sortmerna
[2023-07-05 13:39:06,332] multiqc                                            [DEBUG  ]  No samples found: biobloomtools
[2023-07-05 13:39:06,336] multiqc                                            [DEBUG  ]  No samples found: fastq_screen
[2023-07-05 13:39:06,339] multiqc                                            [DEBUG  ]  No samples found: afterqc
[2023-07-05 13:39:06,342] multiqc                                            [DEBUG  ]  No samples found: fastp
[2023-07-05 13:39:07,008] multiqc.modules.fastqc.fastqc                      [INFO   ]  Found 18 reports
[2023-07-05 13:39:07,422] multiqc                                            [DEBUG  ]  No samples found: minionqc
[2023-07-05 13:39:07,427] multiqc                                            [DEBUG  ]  No samples found: clusterflow
[2023-07-05 13:39:07,431] multiqc                                            [DEBUG  ]  No samples found: bcl2fastq
[2023-07-05 13:39:07,436] multiqc                                            [DEBUG  ]  No samples found: interop
[2023-07-05 13:39:07,441] multiqc                                            [DEBUG  ]  No samples found: flash
[2023-07-05 13:39:07,484] multiqc                                            [INFO   ]  Compressing plot data
[2023-07-05 13:39:07,968] multiqc                                            [INFO   ]  Report      : MULTIQC/multiqc_report.html
[2023-07-05 13:39:07,968] multiqc                                            [INFO   ]  Data        : MULTIQC/multiqc_data
[2023-07-05 13:39:07,974] multiqc                                            [DEBUG  ]  Moving data file from '/tmp/tmppm82qo4d/multiqc_data/multiqc_sources.txt' to 'MULTIQC/multiqc_data'
[2023-07-05 13:39:08,006] multiqc                                            [DEBUG  ]  Moving data file from '/tmp/tmppm82qo4d/multiqc_data/multiqc_general_stats.txt' to 'MULTIQC/multiqc_data'
[2023-07-05 13:39:08,058] multiqc                                            [DEBUG  ]  Moving data file from '/tmp/tmppm82qo4d/multiqc_data/multiqc_fastqc.txt' to 'MULTIQC/multiqc_data'
[2023-07-05 13:39:08,089] multiqc                                            [DEBUG  ]  Moving data file from '/tmp/tmppm82qo4d/multiqc_data/multiqc_data.json' to 'MULTIQC/multiqc_data'
[2023-07-05 13:39:08,172] multiqc                                            [DEBUG  ]  Moving data file from '/tmp/tmppm82qo4d/multiqc_data/multiqc_cutadapt.txt' to 'MULTIQC/multiqc_data'
[2023-07-05 13:39:08,530] multiqc                                            [INFO   ]  MultiQC complete
